17:00:03.745 [main] INFO  org.testng.internal.Utils - [TestNG] Running:
  C:\Users\Malkhaz Malkhazov\AppData\Local\JetBrains\IntelliJIdea2024.1\temp-testng-customsuite.xml

17:00:10.236 [main] INFO  c.t.tests.TestBase - Start test: loginTest
17:00:10.282 [main] INFO  c.t.utils.MyListener - The locator will find By.xpath: //a[@href='/login']
17:00:10.283 [main] INFO  c.t.utils.MyListener - ****************************************
17:00:10.336 [main] INFO  c.t.utils.MyListener - The locator found By.xpath: //a[@href='/login']
17:00:10.337 [main] INFO  c.t.utils.MyListener - ******************************************
17:00:11.404 [main] INFO  c.t.utils.MyListener - The locator will find By.id: usernam
17:00:11.404 [main] INFO  c.t.utils.MyListener - ****************************************
17:00:21.458 [main] INFO  c.t.utils.MyListener - The test have a problem
17:00:21.458 [main] INFO  c.t.utils.MyListener - ***********************************************************
17:00:21.458 [main] INFO  c.t.utils.MyListener - Method --> findElement
17:00:21.458 [main] INFO  c.t.utils.MyListener - ************************************************************
17:00:21.458 [main] INFO  c.t.utils.MyListener - Target exception --> org.openqa.selenium.NoSuchElementException: no such element: Unable to locate element: {"method":"css selector","selector":"#usernam"}
  (Session info: chrome=131.0.6778.87)
For documentation on this error, please visit: https://www.selenium.dev/documentation/webdriver/troubleshooting/errors#no-such-element-exception
Build info: version: '4.27.0', revision: 'd6e718d134'
System info: os.name: 'Windows 11', os.arch: 'amd64', os.version: '10.0', java.version: '17.0.11'
Driver info: org.openqa.selenium.chrome.ChromeDriver
Command: [ae08c0ae5db3286cefbf69e9768ad66b, findElement {using=id, value=usernam}]
Capabilities {acceptInsecureCerts: false, browserName: chrome, browserVersion: 131.0.6778.87, chrome: {chromedriverVersion: 131.0.6778.69 (77e2244bbcda..., userDataDir: C:\Users\MALKHA~1\AppData\L...}, fedcm:accounts: true, goog:chromeOptions: {debuggerAddress: localhost:59013}, networkConnectionEnabled: false, pageLoadStrategy: normal, platformName: windows, proxy: Proxy(), se:cdp: ws://localhost:59013/devtoo..., se:cdpVersion: 131.0.6778.87, setWindowRect: true, strictFileInteractability: false, timeouts: {implicit: 0, pageLoad: 300000, script: 30000}, unhandledPromptBehavior: dismiss and notify, webauthn:extension:credBlob: true, webauthn:extension:largeBlob: true, webauthn:extension:minPinLength: true, webauthn:extension:prf: true, webauthn:virtualAuthenticators: true}
Session ID: ae08c0ae5db3286cefbf69e9768ad66b
17:00:21.471 [main] INFO  c.t.utils.MyListener - *************************************************************
17:00:21.471 [main] INFO  c.t.utils.MyListener - Object target --> ChromeDriver: chrome on windows (ae08c0ae5db3286cefbf69e9768ad66b)
17:00:21.471 [main] INFO  c.t.utils.MyListener - **************************************************************
17:00:21.795 [main] INFO  c.t.utils.MyListener - The locator will find By.xpath: //a[@href='/logout']
17:00:21.795 [main] INFO  c.t.utils.MyListener - ****************************************
17:00:31.822 [main] INFO  c.t.utils.MyListener - The test have a problem
17:00:31.822 [main] INFO  c.t.utils.MyListener - ***********************************************************
17:00:31.822 [main] INFO  c.t.utils.MyListener - Method --> findElement
17:00:31.822 [main] INFO  c.t.utils.MyListener - ************************************************************
17:00:31.824 [main] INFO  c.t.utils.MyListener - Target exception --> org.openqa.selenium.NoSuchElementException: no such element: Unable to locate element: {"method":"xpath","selector":"//a[@href='/logout']"}
  (Session info: chrome=131.0.6778.87)
For documentation on this error, please visit: https://www.selenium.dev/documentation/webdriver/troubleshooting/errors#no-such-element-exception
Build info: version: '4.27.0', revision: 'd6e718d134'
System info: os.name: 'Windows 11', os.arch: 'amd64', os.version: '10.0', java.version: '17.0.11'
Driver info: org.openqa.selenium.chrome.ChromeDriver
Command: [ae08c0ae5db3286cefbf69e9768ad66b, findElement {using=xpath, value=//a[@href='/logout']}]
Capabilities {acceptInsecureCerts: false, browserName: chrome, browserVersion: 131.0.6778.87, chrome: {chromedriverVersion: 131.0.6778.69 (77e2244bbcda..., userDataDir: C:\Users\MALKHA~1\AppData\L...}, fedcm:accounts: true, goog:chromeOptions: {debuggerAddress: localhost:59013}, networkConnectionEnabled: false, pageLoadStrategy: normal, platformName: windows, proxy: Proxy(), se:cdp: ws://localhost:59013/devtoo..., se:cdpVersion: 131.0.6778.87, setWindowRect: true, strictFileInteractability: false, timeouts: {implicit: 0, pageLoad: 300000, script: 30000}, unhandledPromptBehavior: dismiss and notify, webauthn:extension:credBlob: true, webauthn:extension:largeBlob: true, webauthn:extension:minPinLength: true, webauthn:extension:prf: true, webauthn:virtualAuthenticators: true}
Session ID: ae08c0ae5db3286cefbf69e9768ad66b
17:00:31.824 [main] INFO  c.t.utils.MyListener - *************************************************************
17:00:31.824 [main] INFO  c.t.utils.MyListener - Object target --> ChromeDriver: chrome on windows (ae08c0ae5db3286cefbf69e9768ad66b)
17:00:31.824 [main] INFO  c.t.utils.MyListener - **************************************************************
